<?xml version="1.0" encoding="UTF-8"?>
<testsuite name="WallServiceTest" tests="1" skipped="0" failures="0" errors="0" timestamp="2022-01-28T00:36:18" hostname="DESKTOP-D1Q9QHV" time="0.025">
  <properties/>
  <testcase name="update" classname="WallServiceTest" time="0.025"/>
  <system-out><![CDATA[]]></system-out>
  <system-err><![CDATA[]]></system-err>
</testsuite>
